[DEBUG] 2016-11-04 13:33:51,552 de.greyshine.restservices.ServerMain buildConfiguration - using config.json: src/test/config.dev.json
[DEBUG] 2016-11-04 13:33:51,558 de.greyshine.restservices.ServerMain <init> - Hello !-)
[WARN] 2016-11-04 13:33:51,558 de.greyshine.restservices.ServerMain <init> - basepath: /Users/dirkschumacher/progging/projects/SimpleRestServer/target/home-test-dev-application
[DEBUG] 2016-11-04 13:33:51,559 de.greyshine.restservices.util.Utils close - closing: java.io.BufferedInputStream@1d251891
[DEBUG] 2016-11-04 13:33:51,559 de.greyshine.restservices.util.Utils close - closing: java.io.FileOutputStream@58ceff1
[DEBUG] 2016-11-04 13:35:42,041 de.greyshine.restservices.ServerMain buildConfiguration - using config.json: src/test/config.dev.json
[DEBUG] 2016-11-04 13:35:42,045 de.greyshine.restservices.ServerMain <init> - Hello !-)
[WARN] 2016-11-04 13:35:42,045 de.greyshine.restservices.ServerMain <init> - basepath: /Users/dirkschumacher/progging/projects/SimpleRestServer/target/home-test-dev-application
[DEBUG] 2016-11-04 13:36:31,690 de.greyshine.restservices.ServerMain buildConfiguration - using config.json: src/test/config.dev.json
[DEBUG] 2016-11-04 13:36:31,694 de.greyshine.restservices.ServerMain <init> - Hello !-)
[WARN] 2016-11-04 13:36:31,695 de.greyshine.restservices.ServerMain <init> - basepath: /Users/dirkschumacher/progging/projects/SimpleRestServer/target/home-test-dev-application
[DEBUG] 2016-11-04 13:37:27,619 de.greyshine.restservices.ServerMain buildConfiguration - using config.json: src/test/config.dev.json
[DEBUG] 2016-11-04 13:37:27,627 de.greyshine.restservices.ServerMain <init> - Hello !-)
[WARN] 2016-11-04 13:37:27,628 de.greyshine.restservices.ServerMain <init> - basepath: /Users/dirkschumacher/progging/projects/SimpleRestServer/target/home-test-dev-application
[DEBUG] 2016-11-04 13:41:27,470 de.greyshine.restservices.ServerMain buildConfiguration - using config.json: src/test/config.dev.json
[DEBUG] 2016-11-04 13:41:27,479 de.greyshine.restservices.ServerMain <init> - Hello !-)
[WARN] 2016-11-04 13:41:27,479 de.greyshine.restservices.ServerMain <init> - basepath: /Users/dirkschumacher/progging/projects/SimpleRestServer/target/home-test-dev-application
[DEBUG] 2016-11-04 13:42:24,689 de.greyshine.restservices.ServerMain buildConfiguration - using config.json: src/test/config.dev.json
[DEBUG] 2016-11-04 13:42:24,696 de.greyshine.restservices.ServerMain <init> - Hello !-)
[WARN] 2016-11-04 13:42:24,696 de.greyshine.restservices.ServerMain <init> - basepath: /Users/dirkschumacher/progging/projects/SimpleRestServer/target/home-test-dev-application
[DEBUG] 2016-11-04 13:43:12,032 de.greyshine.restservices.ServerMain buildConfiguration - using config.json: src/test/config.dev.json
[DEBUG] 2016-11-04 13:43:12,038 de.greyshine.restservices.ServerMain <init> - Hello !-)
[WARN] 2016-11-04 13:43:12,038 de.greyshine.restservices.ServerMain <init> - basepath: /Users/dirkschumacher/progging/projects/SimpleRestServer/target/home-test-dev-application
[DEBUG] 2016-11-04 15:54:15,314 de.greyshine.restservices.ServerMain buildConfiguration - using config.json: src/test/config.dev.json
[DEBUG] 2016-11-04 15:54:15,321 de.greyshine.restservices.ServerMain <init> - Hello !-)
[WARN] 2016-11-04 15:54:15,321 de.greyshine.restservices.ServerMain <init> - basepath: /Users/dirkschumacher/progging/projects/SimpleRestServer/target/home-test-dev-application
[DEBUG] 2016-11-04 16:01:45,026 de.greyshine.restservices.ServerMain buildConfiguration - using config.json: src/test/config.dev.json
[DEBUG] 2016-11-04 16:01:45,033 de.greyshine.restservices.ServerMain <init> - Hello !-)
[WARN] 2016-11-04 16:01:45,034 de.greyshine.restservices.ServerMain <init> - basepath: /Users/dirkschumacher/progging/projects/SimpleRestServer/target/home-test-dev-application
[DEBUG] 2016-11-04 16:46:53,120 de.greyshine.restservices.ServerMain buildConfiguration - using config.json: src/test/config.dev.json
[DEBUG] 2016-11-04 16:46:53,127 de.greyshine.restservices.ServerMain <init> - Hello !-)
[WARN] 2016-11-04 16:46:53,128 de.greyshine.restservices.ServerMain <init> - basepath: /Users/dirkschumacher/progging/projects/SimpleRestServer/target/home-test-dev-application
[DEBUG] 2016-11-04 16:52:53,918 de.greyshine.restservices.ServerMain buildConfiguration - using config.json: src/test/config.dev.json
[DEBUG] 2016-11-04 16:52:53,924 de.greyshine.restservices.ServerMain <init> - Hello !-)
[WARN] 2016-11-04 16:52:53,924 de.greyshine.restservices.ServerMain <init> - basepath: /Users/dirkschumacher/progging/projects/SimpleRestServer/target/home-test-dev-application
[DEBUG] 2016-11-04 16:55:15,706 de.greyshine.restservices.ServerMain buildConfiguration - using config.json: src/test/config.dev.json
[DEBUG] 2016-11-04 16:55:15,712 de.greyshine.restservices.ServerMain <init> - Hello !-)
[WARN] 2016-11-04 16:55:15,712 de.greyshine.restservices.ServerMain <init> - basepath: /Users/dirkschumacher/progging/projects/SimpleRestServer/target/home-test-dev-application
